app/build/intermediates/manifest_merge_blame_file/debug/manifest-merger-blame-debug-report.txt
1<?xml version="1.0" encoding="utf-8"?>
2<manifest xmlns:android="http://schemas.android.com/apk/res/android"
3    package="com.chowdhuryelab.greeneries"
4    android:installLocation="auto"
5    android:versionCode="1"
6    android:versionName="1.0" >
7
8    <uses-sdk
9        android:minSdkVersion="19"
9-->src\main\AndroidManifest.xml
10        android:targetSdkVersion="32" />
10-->src\main\AndroidManifest.xml
11
12    <uses-permission android:name="android.permission.INTERNET" />
12-->src\main\AndroidManifest.xml:7:5-67
12-->src\main\AndroidManifest.xml:7:22-64
13    <uses-permission android:name="android.permission.CAMERA" />
13-->src\main\AndroidManifest.xml:8:5-65
13-->src\main\AndroidManifest.xml:8:22-62
14    <uses-permission android:name="android.permission.WRITE_EXTERNAL_STORAGE" />
14-->src\main\AndroidManifest.xml:9:5-81
14-->src\main\AndroidManifest.xml:9:22-78
15    <uses-permission android:name="android.permission.INTERNET" />
15-->src\main\AndroidManifest.xml:7:5-67
15-->src\main\AndroidManifest.xml:7:22-64
16    <uses-permission android:name="android.permission.ACCESS_FINE_LOCATION" />
16-->src\main\AndroidManifest.xml:11:5-79
16-->src\main\AndroidManifest.xml:11:22-76
17    <uses-permission android:name="android.permission.ACCESS_COARSE_LOCATION" />
17-->src\main\AndroidManifest.xml:12:5-81
17-->src\main\AndroidManifest.xml:12:22-78
18    <uses-permission android:name="android.permission.ACCESS_NETWORK_STATE" />
18-->[com.google.firebase:firebase-auth:21.0.7] AndroidManifest.xml:24:5-79
18-->[com.google.firebase:firebase-auth:21.0.7] AndroidManifest.xml:24:22-76
19
20    <uses-feature
20-->[com.google.android.gms:play-services-maps:18.1.0] AndroidManifest.xml:26:5-28:35
21        android:glEsVersion="0x00020000"
21-->[com.google.android.gms:play-services-maps:18.1.0] AndroidManifest.xml:27:9-41
22        android:required="true" />
22-->[com.google.android.gms:play-services-maps:18.1.0] AndroidManifest.xml:28:9-32
23
24    <queries>
24-->[com.google.android.gms:play-services-maps:18.1.0] AndroidManifest.xml:30:5-34:15
25
26        <!-- Needs to be explicitly declared on Android R+ -->
27        <package android:name="com.google.android.apps.maps" />
27-->[com.google.android.gms:play-services-maps:18.1.0] AndroidManifest.xml:33:9-64
27-->[com.google.android.gms:play-services-maps:18.1.0] AndroidManifest.xml:33:18-61
28    </queries>
29
30    <uses-permission android:name="android.permission.WAKE_LOCK" /> <!-- Required by older versions of Google Play services to create IID tokens -->
30-->[com.google.firebase:firebase-messaging:23.0.7] AndroidManifest.xml:27:5-68
30-->[com.google.firebase:firebase-messaging:23.0.7] AndroidManifest.xml:27:22-65
31    <uses-permission android:name="com.google.android.c2dm.permission.RECEIVE" />
31-->[com.google.firebase:firebase-messaging:23.0.7] AndroidManifest.xml:29:5-82
31-->[com.google.firebase:firebase-messaging:23.0.7] AndroidManifest.xml:29:22-79
32    <uses-permission android:name="android.permission.RECEIVE_BOOT_COMPLETED" />
32-->[androidx.work:work-runtime:2.7.1] AndroidManifest.xml:27:5-81
32-->[androidx.work:work-runtime:2.7.1] AndroidManifest.xml:27:22-78
33    <uses-permission android:name="android.permission.FOREGROUND_SERVICE" />
33-->[androidx.work:work-runtime:2.7.1] AndroidManifest.xml:28:5-77
33-->[androidx.work:work-runtime:2.7.1] AndroidManifest.xml:28:22-74
34    <uses-permission android:name="com.google.android.gms.permission.AD_ID" />
34-->[com.google.android.gms:play-services-measurement-api:21.1.0] AndroidManifest.xml:25:5-79
34-->[com.google.android.gms:play-services-measurement-api:21.1.0] AndroidManifest.xml:25:22-76
35    <uses-permission android:name="com.google.android.finsky.permission.BIND_GET_INSTALL_REFERRER_SERVICE" />
35-->[com.google.android.gms:play-services-measurement:21.1.0] AndroidManifest.xml:26:5-110
35-->[com.google.android.gms:play-services-measurement:21.1.0] AndroidManifest.xml:26:22-107
36
37    <application
37-->src\main\AndroidManifest.xml:17:5-94:19
38        android:allowBackup="true"
38-->src\main\AndroidManifest.xml:18:9-35
39        android:appComponentFactory="androidx.core.app.CoreComponentFactory"
39-->[androidx.core:core:1.8.0] AndroidManifest.xml:24:18-86
40        android:debuggable="true"
41        android:icon="@drawable/icon_shop"
41-->src\main\AndroidManifest.xml:19:9-43
42        android:label="@string/app_name"
42-->src\main\AndroidManifest.xml:20:9-41
43        android:roundIcon="@drawable/icon_shop"
43-->src\main\AndroidManifest.xml:21:9-48
44        android:supportsRtl="true"
44-->src\main\AndroidManifest.xml:22:9-35
45        android:testOnly="true"
46        android:theme="@style/AppTheme.NoActionBar" >
46-->src\main\AndroidManifest.xml:23:9-52
47        <service
47-->src\main\AndroidManifest.xml:25:9-32:19
48            android:name="com.chowdhuryelab.greeneries.SendNotificationPack.MyFireBaseMessagingService"
48-->src\main\AndroidManifest.xml:26:13-76
49            android:enabled="true"
49-->src\main\AndroidManifest.xml:27:13-35
50            android:exported="true" >
50-->src\main\AndroidManifest.xml:28:13-36
51            <intent-filter>
51-->src\main\AndroidManifest.xml:29:13-31:29
52                <action android:name="com.google.firebase.MESSAGING_EVENT" />
52-->src\main\AndroidManifest.xml:30:17-78
52-->src\main\AndroidManifest.xml:30:25-75
53            </intent-filter>
54        </service>
55        <service
55-->src\main\AndroidManifest.xml:33:9-40:19
56            android:name="com.chowdhuryelab.greeneries.SendNotificationPack.MyFirebaseIdService"
56-->src\main\AndroidManifest.xml:34:13-69
57            android:enabled="true"
57-->src\main\AndroidManifest.xml:35:13-35
58            android:exported="true" >
58-->src\main\AndroidManifest.xml:36:13-36
59            <intent-filter>
59-->src\main\AndroidManifest.xml:37:13-39:29
60                <action android:name="com.google.firebase.INSTANCE_ID_EVENT" />
60-->src\main\AndroidManifest.xml:38:17-80
60-->src\main\AndroidManifest.xml:38:25-77
61            </intent-filter>
62        </service>
63
64        <activity android:name="com.chowdhuryelab.greeneries.PaymentActivity" />
64-->src\main\AndroidManifest.xml:42:9-53
64-->src\main\AndroidManifest.xml:42:19-50
65        <activity android:name="com.chowdhuryelab.greeneries.WriteReviewActivity" />
65-->src\main\AndroidManifest.xml:43:9-57
65-->src\main\AndroidManifest.xml:43:19-54
66        <activity android:name="com.chowdhuryelab.greeneries.ShopReviewActivity" />
66-->src\main\AndroidManifest.xml:44:9-56
66-->src\main\AndroidManifest.xml:44:19-53
67        <activity android:name="com.chowdhuryelab.greeneries.OrderDetailsShopActivity" />
67-->src\main\AndroidManifest.xml:45:9-62
67-->src\main\AndroidManifest.xml:45:19-59
68        <activity android:name="com.chowdhuryelab.greeneries.OrderDetailsBuyerActivity" />
68-->src\main\AndroidManifest.xml:46:9-63
68-->src\main\AndroidManifest.xml:46:19-60
69        <activity android:name="com.chowdhuryelab.greeneries.CartActivity" />
69-->src\main\AndroidManifest.xml:47:9-50
69-->src\main\AndroidManifest.xml:47:19-47
70        <activity
70-->src\main\AndroidManifest.xml:48:9-50:57
71            android:name="com.chowdhuryelab.greeneries.ShopDetailsActivity"
71-->src\main\AndroidManifest.xml:49:13-48
72            android:windowSoftInputMode="stateHidden" />
72-->src\main\AndroidManifest.xml:50:13-54
73        <activity android:name="com.chowdhuryelab.greeneries.EditProductActivity" />
73-->src\main\AndroidManifest.xml:51:9-57
73-->src\main\AndroidManifest.xml:51:19-54
74        <activity android:name="com.chowdhuryelab.greeneries.AddProductActivity" />
74-->src\main\AndroidManifest.xml:52:9-56
74-->src\main\AndroidManifest.xml:52:19-53
75        <activity android:name="com.chowdhuryelab.greeneries.ProfileEditSellerActivity" />
75-->src\main\AndroidManifest.xml:53:9-63
75-->src\main\AndroidManifest.xml:53:19-60
76        <activity android:name="com.chowdhuryelab.greeneries.ProfileEditBuyerActivity" />
76-->src\main\AndroidManifest.xml:54:9-62
76-->src\main\AndroidManifest.xml:54:19-59
77        <activity
77-->src\main\AndroidManifest.xml:55:9-57:57
78            android:name="com.chowdhuryelab.greeneries.MainBuyerActivity"
78-->src\main\AndroidManifest.xml:56:13-46
79            android:windowSoftInputMode="stateHidden" />
79-->src\main\AndroidManifest.xml:57:13-54
80        <activity
80-->src\main\AndroidManifest.xml:58:9-60:57
81            android:name="com.chowdhuryelab.greeneries.MainSellerActivity"
81-->src\main\AndroidManifest.xml:59:13-47
82            android:windowSoftInputMode="stateHidden" />
82-->src\main\AndroidManifest.xml:60:13-54
83        <activity android:name="com.chowdhuryelab.greeneries.ForgotPasswordActivity" />
83-->src\main\AndroidManifest.xml:61:9-60
83-->src\main\AndroidManifest.xml:61:19-57
84        <activity android:name="com.chowdhuryelab.greeneries.RegisterBuyerActivity" />
84-->src\main\AndroidManifest.xml:62:9-59
84-->src\main\AndroidManifest.xml:62:19-56
85        <activity android:name="com.chowdhuryelab.greeneries.RegisterSellerActivity" />
85-->src\main\AndroidManifest.xml:63:9-60
85-->src\main\AndroidManifest.xml:63:19-57
86        <activity
86-->src\main\AndroidManifest.xml:64:9-66:57
87            android:name="com.chowdhuryelab.greeneries.LoginActivity"
87-->src\main\AndroidManifest.xml:65:13-42
88            android:windowSoftInputMode="stateHidden" />
88-->src\main\AndroidManifest.xml:66:13-54
89        <activity
89-->src\main\AndroidManifest.xml:67:9-75:20
90            android:name="com.chowdhuryelab.greeneries.SplashActivity"
90-->src\main\AndroidManifest.xml:68:13-43
91            android:exported="true" >
91-->src\main\AndroidManifest.xml:69:13-36
92            <intent-filter>
92-->src\main\AndroidManifest.xml:70:13-74:29
93                <action android:name="android.intent.action.MAIN" />
93-->src\main\AndroidManifest.xml:71:17-69
93-->src\main\AndroidManifest.xml:71:25-66
94
95                <category android:name="android.intent.category.LAUNCHER" />
95-->src\main\AndroidManifest.xml:73:17-77
95-->src\main\AndroidManifest.xml:73:27-74
96            </intent-filter>
97        </activity>
98
99        <meta-data
99-->src\main\AndroidManifest.xml:77:9-79:57
100            android:name="preloaded_fonts"
100-->src\main\AndroidManifest.xml:78:13-43
101            android:resource="@array/preloaded_fonts" />
101-->src\main\AndroidManifest.xml:79:13-54
102        <!--
103 Set custom default icon. This is used when no icon is set for incoming notification messages.
104     See README(https://goo.gl/l4GJaQ) for more.
105        -->
106        <meta-data
106-->src\main\AndroidManifest.xml:84:9-86:54
107            android:name="com.google.firebase.messaging.default_notification_icon"
107-->src\main\AndroidManifest.xml:85:13-83
108            android:resource="@drawable/icon_shop" />
108-->src\main\AndroidManifest.xml:86:13-51
109        <!--
110 Set color used with incoming notification messages. This is used when no color is set for the incoming
111             notification message. See README(https://goo.gl/6BKBk7) for more.
112        -->
113        <meta-data
113-->src\main\AndroidManifest.xml:91:9-93:53
114            android:name="com.google.firebase.messaging.default_notification_color"
114-->src\main\AndroidManifest.xml:92:13-84
115            android:resource="@color/colorAccent" />
115-->src\main\AndroidManifest.xml:93:13-50
116
117        <activity
117-->[com.google.firebase:firebase-auth:21.0.7] AndroidManifest.xml:27:9-44:20
118            android:name="com.google.firebase.auth.internal.GenericIdpActivity"
118-->[com.google.firebase:firebase-auth:21.0.7] AndroidManifest.xml:28:13-80
119            android:excludeFromRecents="true"
119-->[com.google.firebase:firebase-auth:21.0.7] AndroidManifest.xml:29:13-46
120            android:exported="true"
120-->[com.google.firebase:firebase-auth:21.0.7] AndroidManifest.xml:30:13-36
121            android:launchMode="singleTask"
121-->[com.google.firebase:firebase-auth:21.0.7] AndroidManifest.xml:31:13-44
122            android:theme="@android:style/Theme.Translucent.NoTitleBar" >
122-->[com.google.firebase:firebase-auth:21.0.7] AndroidManifest.xml:32:13-72
123            <intent-filter>
123-->[com.google.firebase:firebase-auth:21.0.7] AndroidManifest.xml:33:13-43:29
124                <action android:name="android.intent.action.VIEW" />
124-->[com.google.firebase:firebase-auth:21.0.7] AndroidManifest.xml:34:17-69
124-->[com.google.firebase:firebase-auth:21.0.7] AndroidManifest.xml:34:25-66
125
126                <category android:name="android.intent.category.DEFAULT" />
126-->[com.google.firebase:firebase-auth:21.0.7] AndroidManifest.xml:36:17-76
126-->[com.google.firebase:firebase-auth:21.0.7] AndroidManifest.xml:36:27-73
127                <category android:name="android.intent.category.BROWSABLE" />
127-->[com.google.firebase:firebase-auth:21.0.7] AndroidManifest.xml:37:17-78
127-->[com.google.firebase:firebase-auth:21.0.7] AndroidManifest.xml:37:27-75
128
129                <data
129-->[com.google.firebase:firebase-auth:21.0.7] AndroidManifest.xml:39:17-42:51
130                    android:host="firebase.auth"
130-->[com.google.firebase:firebase-auth:21.0.7] AndroidManifest.xml:40:21-49
131                    android:path="/"
131-->[com.google.firebase:firebase-auth:21.0.7] AndroidManifest.xml:41:21-37
132                    android:scheme="genericidp" />
132-->[com.google.firebase:firebase-auth:21.0.7] AndroidManifest.xml:42:21-48
133            </intent-filter>
134        </activity>
135        <activity
135-->[com.google.firebase:firebase-auth:21.0.7] AndroidManifest.xml:45:9-62:20
136            android:name="com.google.firebase.auth.internal.RecaptchaActivity"
136-->[com.google.firebase:firebase-auth:21.0.7] AndroidManifest.xml:46:13-79
137            android:excludeFromRecents="true"
137-->[com.google.firebase:firebase-auth:21.0.7] AndroidManifest.xml:47:13-46
138            android:exported="true"
138-->[com.google.firebase:firebase-auth:21.0.7] AndroidManifest.xml:48:13-36
139            android:launchMode="singleTask"
139-->[com.google.firebase:firebase-auth:21.0.7] AndroidManifest.xml:49:13-44
140            android:theme="@android:style/Theme.Translucent.NoTitleBar" >
140-->[com.google.firebase:firebase-auth:21.0.7] AndroidManifest.xml:50:13-72
141            <intent-filter>
141-->[com.google.firebase:firebase-auth:21.0.7] AndroidManifest.xml:51:13-61:29
142                <action android:name="android.intent.action.VIEW" />
142-->[com.google.firebase:firebase-auth:21.0.7] AndroidManifest.xml:34:17-69
142-->[com.google.firebase:firebase-auth:21.0.7] AndroidManifest.xml:34:25-66
143
144                <category android:name="android.intent.category.DEFAULT" />
144-->[com.google.firebase:firebase-auth:21.0.7] AndroidManifest.xml:36:17-76
144-->[com.google.firebase:firebase-auth:21.0.7] AndroidManifest.xml:36:27-73
145                <category android:name="android.intent.category.BROWSABLE" />
145-->[com.google.firebase:firebase-auth:21.0.7] AndroidManifest.xml:37:17-78
145-->[com.google.firebase:firebase-auth:21.0.7] AndroidManifest.xml:37:27-75
146
147                <data
147-->[com.google.firebase:firebase-auth:21.0.7] AndroidManifest.xml:39:17-42:51
148                    android:host="firebase.auth"
148-->[com.google.firebase:firebase-auth:21.0.7] AndroidManifest.xml:40:21-49
149                    android:path="/"
149-->[com.google.firebase:firebase-auth:21.0.7] AndroidManifest.xml:41:21-37
150                    android:scheme="recaptcha" />
150-->[com.google.firebase:firebase-auth:21.0.7] AndroidManifest.xml:42:21-48
151            </intent-filter>
152        </activity>
153
154        <service
154-->[com.google.firebase:firebase-auth:21.0.7] AndroidManifest.xml:64:9-70:19
155            android:name="com.google.firebase.components.ComponentDiscoveryService"
155-->[com.google.firebase:firebase-auth:21.0.7] AndroidManifest.xml:65:13-84
156            android:directBootAware="true"
156-->[com.google.firebase:firebase-common:20.1.1] AndroidManifest.xml:35:13-43
157            android:exported="false" >
157-->[com.google.firebase:firebase-auth:21.0.7] AndroidManifest.xml:66:13-37
158            <meta-data
158-->[com.google.firebase:firebase-auth:21.0.7] AndroidManifest.xml:67:13-69:85
159                android:name="com.google.firebase.components:com.google.firebase.auth.FirebaseAuthRegistrar"
159-->[com.google.firebase:firebase-auth:21.0.7] AndroidManifest.xml:68:17-109
160                android:value="com.google.firebase.components.ComponentRegistrar" />
160-->[com.google.firebase:firebase-auth:21.0.7] AndroidManifest.xml:69:17-82
161            <meta-data
161-->[com.google.firebase:firebase-database-ktx:20.0.5] AndroidManifest.xml:15:13-17:85
162                android:name="com.google.firebase.components:com.google.firebase.database.ktx.FirebaseDatabaseKtxRegistrar"
162-->[com.google.firebase:firebase-database-ktx:20.0.5] AndroidManifest.xml:16:17-124
163                android:value="com.google.firebase.components.ComponentRegistrar" />
163-->[com.google.firebase:firebase-database-ktx:20.0.5] AndroidManifest.xml:17:17-82
164            <meta-data
164-->[com.google.firebase:firebase-database:20.0.5] AndroidManifest.xml:32:13-34:85
165                android:name="com.google.firebase.components:com.google.firebase.database.DatabaseRegistrar"
165-->[com.google.firebase:firebase-database:20.0.5] AndroidManifest.xml:33:17-109
166                android:value="com.google.firebase.components.ComponentRegistrar" />
166-->[com.google.firebase:firebase-database:20.0.5] AndroidManifest.xml:34:17-82
167            <meta-data
167-->[com.google.firebase:firebase-storage:20.0.1] AndroidManifest.xml:33:13-35:85
168                android:name="com.google.firebase.components:com.google.firebase.storage.StorageRegistrar"
168-->[com.google.firebase:firebase-storage:20.0.1] AndroidManifest.xml:34:17-107
169                android:value="com.google.firebase.components.ComponentRegistrar" />
169-->[com.google.firebase:firebase-storage:20.0.1] AndroidManifest.xml:35:17-82
170            <meta-data
170-->[com.google.firebase:firebase-messaging:23.0.7] AndroidManifest.xml:56:13-58:85
171                android:name="com.google.firebase.components:com.google.firebase.messaging.FirebaseMessagingRegistrar"
171-->[com.google.firebase:firebase-messaging:23.0.7] AndroidManifest.xml:57:17-119
172                android:value="com.google.firebase.components.ComponentRegistrar" />
172-->[com.google.firebase:firebase-messaging:23.0.7] AndroidManifest.xml:58:17-82
173            <meta-data
173-->[com.google.firebase:firebase-datatransport:18.1.5] AndroidManifest.xml:28:13-30:85
174                android:name="com.google.firebase.components:com.google.firebase.datatransport.TransportRegistrar"
174-->[com.google.firebase:firebase-datatransport:18.1.5] AndroidManifest.xml:29:17-115
175                android:value="com.google.firebase.components.ComponentRegistrar" />
175-->[com.google.firebase:firebase-datatransport:18.1.5] AndroidManifest.xml:30:17-82
176            <meta-data
176-->[com.google.firebase:firebase-common-ktx:20.1.1] AndroidManifest.xml:15:13-17:85
177                android:name="com.google.firebase.components:com.google.firebase.ktx.FirebaseCommonKtxRegistrar"
177-->[com.google.firebase:firebase-common-ktx:20.1.1] AndroidManifest.xml:16:17-113
178                android:value="com.google.firebase.components.ComponentRegistrar" />
178-->[com.google.firebase:firebase-common-ktx:20.1.1] AndroidManifest.xml:17:17-82
179            <meta-data
179-->[com.google.android.gms:play-services-measurement-api:21.1.0] AndroidManifest.xml:31:13-33:85
180                android:name="com.google.firebase.components:com.google.firebase.analytics.connector.internal.AnalyticsConnectorRegistrar"
180-->[com.google.android.gms:play-services-measurement-api:21.1.0] AndroidManifest.xml:32:17-139
181                android:value="com.google.firebase.components.ComponentRegistrar" />
181-->[com.google.android.gms:play-services-measurement-api:21.1.0] AndroidManifest.xml:33:17-82
182            <meta-data
182-->[com.google.firebase:firebase-installations:17.0.1] AndroidManifest.xml:18:13-20:85
183                android:name="com.google.firebase.components:com.google.firebase.installations.FirebaseInstallationsRegistrar"
183-->[com.google.firebase:firebase-installations:17.0.1] AndroidManifest.xml:19:17-127
184                android:value="com.google.firebase.components.ComponentRegistrar" />
184-->[com.google.firebase:firebase-installations:17.0.1] AndroidManifest.xml:20:17-82
185        </service> <!-- Needs to be explicitly declared on P+ -->
186        <uses-library
186-->[com.google.android.gms:play-services-maps:18.1.0] AndroidManifest.xml:39:9-41:40
187            android:name="org.apache.http.legacy"
187-->[com.google.android.gms:play-services-maps:18.1.0] AndroidManifest.xml:40:13-50
188            android:required="false" />
188-->[com.google.android.gms:play-services-maps:18.1.0] AndroidManifest.xml:41:13-37
189
190        <provider
190-->[com.squareup.picasso:picasso:2.71828] AndroidManifest.xml:8:9-11:40
191            android:name="com.squareup.picasso.PicassoProvider"
191-->[com.squareup.picasso:picasso:2.71828] AndroidManifest.xml:9:13-64
192            android:authorities="com.chowdhuryelab.greeneries.com.squareup.picasso"
192-->[com.squareup.picasso:picasso:2.71828] AndroidManifest.xml:10:13-72
193            android:exported="false" />
193-->[com.squareup.picasso:picasso:2.71828] AndroidManifest.xml:11:13-37
194
195        <receiver
195-->[com.google.firebase:firebase-messaging:23.0.7] AndroidManifest.xml:32:9-39:20
196            android:name="com.google.firebase.iid.FirebaseInstanceIdReceiver"
196-->[com.google.firebase:firebase-messaging:23.0.7] AndroidManifest.xml:33:13-78
197            android:exported="true"
197-->[com.google.firebase:firebase-messaging:23.0.7] AndroidManifest.xml:34:13-36
198            android:permission="com.google.android.c2dm.permission.SEND" >
198-->[com.google.firebase:firebase-messaging:23.0.7] AndroidManifest.xml:35:13-73
199            <intent-filter>
199-->[com.google.firebase:firebase-messaging:23.0.7] AndroidManifest.xml:36:13-38:29
200                <action android:name="com.google.android.c2dm.intent.RECEIVE" />
200-->[com.google.firebase:firebase-messaging:23.0.7] AndroidManifest.xml:37:17-81
200-->[com.google.firebase:firebase-messaging:23.0.7] AndroidManifest.xml:37:25-78
201            </intent-filter>
202        </receiver>
203        <!--
204             FirebaseMessagingService performs security checks at runtime,
205             but set to not exported to explicitly avoid allowing another app to call it.
206        -->
207        <service
207-->[com.google.firebase:firebase-messaging:23.0.7] AndroidManifest.xml:45:9-52:19
208            android:name="com.google.firebase.messaging.FirebaseMessagingService"
208-->[com.google.firebase:firebase-messaging:23.0.7] AndroidManifest.xml:46:13-82
209            android:directBootAware="true"
209-->[com.google.firebase:firebase-messaging:23.0.7] AndroidManifest.xml:47:13-43
210            android:exported="false" >
210-->[com.google.firebase:firebase-messaging:23.0.7] AndroidManifest.xml:48:13-37
211            <intent-filter android:priority="-500" >
211-->src\main\AndroidManifest.xml:29:13-31:29
212                <action android:name="com.google.firebase.MESSAGING_EVENT" />
212-->src\main\AndroidManifest.xml:30:17-78
212-->src\main\AndroidManifest.xml:30:25-75
213            </intent-filter>
214        </service>
215
216        <provider
216-->[androidx.work:work-runtime:2.7.1] AndroidManifest.xml:31:9-39:20
217            android:name="androidx.startup.InitializationProvider"
217-->[androidx.work:work-runtime:2.7.1] AndroidManifest.xml:32:13-67
218            android:authorities="com.chowdhuryelab.greeneries.androidx-startup"
218-->[androidx.work:work-runtime:2.7.1] AndroidManifest.xml:33:13-68
219            android:exported="false" >
219-->[androidx.work:work-runtime:2.7.1] AndroidManifest.xml:34:13-37
220            <meta-data
220-->[androidx.work:work-runtime:2.7.1] AndroidManifest.xml:36:13-38:52
221                android:name="androidx.work.WorkManagerInitializer"
221-->[androidx.work:work-runtime:2.7.1] AndroidManifest.xml:37:17-68
222                android:value="androidx.startup" />
222-->[androidx.work:work-runtime:2.7.1] AndroidManifest.xml:38:17-49
223            <meta-data
223-->[androidx.emoji2:emoji2:1.2.0] AndroidManifest.xml:29:13-31:52
224                android:name="androidx.emoji2.text.EmojiCompatInitializer"
224-->[androidx.emoji2:emoji2:1.2.0] AndroidManifest.xml:30:17-75
225                android:value="androidx.startup" />
225-->[androidx.emoji2:emoji2:1.2.0] AndroidManifest.xml:31:17-49
226            <meta-data
226-->[androidx.lifecycle:lifecycle-process:2.4.1] AndroidManifest.xml:31:13-33:52
227                android:name="androidx.lifecycle.ProcessLifecycleInitializer"
227-->[androidx.lifecycle:lifecycle-process:2.4.1] AndroidManifest.xml:32:17-78
228                android:value="androidx.startup" />
228-->[androidx.lifecycle:lifecycle-process:2.4.1] AndroidManifest.xml:33:17-49
229        </provider>
230
231        <service
231-->[androidx.work:work-runtime:2.7.1] AndroidManifest.xml:41:9-46:35
232            android:name="androidx.work.impl.background.systemalarm.SystemAlarmService"
232-->[androidx.work:work-runtime:2.7.1] AndroidManifest.xml:42:13-88
233            android:directBootAware="false"
233-->[androidx.work:work-runtime:2.7.1] AndroidManifest.xml:43:13-44
234            android:enabled="@bool/enable_system_alarm_service_default"
234-->[androidx.work:work-runtime:2.7.1] AndroidManifest.xml:44:13-72
235            android:exported="false" />
235-->[androidx.work:work-runtime:2.7.1] AndroidManifest.xml:45:13-37
236        <service
236-->[androidx.work:work-runtime:2.7.1] AndroidManifest.xml:47:9-53:35
237            android:name="androidx.work.impl.background.systemjob.SystemJobService"
237-->[androidx.work:work-runtime:2.7.1] AndroidManifest.xml:48:13-84
238            android:directBootAware="false"
238-->[androidx.work:work-runtime:2.7.1] AndroidManifest.xml:49:13-44
239            android:enabled="@bool/enable_system_job_service_default"
239-->[androidx.work:work-runtime:2.7.1] AndroidManifest.xml:50:13-70
240            android:exported="true"
240-->[androidx.work:work-runtime:2.7.1] AndroidManifest.xml:51:13-36
241            android:permission="android.permission.BIND_JOB_SERVICE" />
241-->[androidx.work:work-runtime:2.7.1] AndroidManifest.xml:52:13-69
242        <service
242-->[androidx.work:work-runtime:2.7.1] AndroidManifest.xml:54:9-59:35
243            android:name="androidx.work.impl.foreground.SystemForegroundService"
243-->[androidx.work:work-runtime:2.7.1] AndroidManifest.xml:55:13-81
244            android:directBootAware="false"
244-->[androidx.work:work-runtime:2.7.1] AndroidManifest.xml:56:13-44
245            android:enabled="@bool/enable_system_foreground_service_default"
245-->[androidx.work:work-runtime:2.7.1] AndroidManifest.xml:57:13-77
246            android:exported="false" />
246-->[androidx.work:work-runtime:2.7.1] AndroidManifest.xml:58:13-37
247
248        <receiver
248-->[androidx.work:work-runtime:2.7.1] AndroidManifest.xml:61:9-66:35
249            android:name="androidx.work.impl.utils.ForceStopRunnable$BroadcastReceiver"
249-->[androidx.work:work-runtime:2.7.1] AndroidManifest.xml:62:13-88
250            android:directBootAware="false"
250-->[androidx.work:work-runtime:2.7.1] AndroidManifest.xml:63:13-44
251            android:enabled="true"
251-->[androidx.work:work-runtime:2.7.1] AndroidManifest.xml:64:13-35
252            android:exported="false" />
252-->[androidx.work:work-runtime:2.7.1] AndroidManifest.xml:65:13-37
253        <receiver
253-->[androidx.work:work-runtime:2.7.1] AndroidManifest.xml:67:9-77:20
254            android:name="androidx.work.impl.background.systemalarm.ConstraintProxy$BatteryChargingProxy"
254-->[androidx.work:work-runtime:2.7.1] AndroidManifest.xml:68:13-106
255            android:directBootAware="false"
255-->[androidx.work:work-runtime:2.7.1] AndroidManifest.xml:69:13-44
256            android:enabled="false"
256-->[androidx.work:work-runtime:2.7.1] AndroidManifest.xml:70:13-36
257            android:exported="false" >
257-->[androidx.work:work-runtime:2.7.1] AndroidManifest.xml:71:13-37
258            <intent-filter>
258-->[androidx.work:work-runtime:2.7.1] AndroidManifest.xml:73:13-76:29
259                <action android:name="android.intent.action.ACTION_POWER_CONNECTED" />
259-->[androidx.work:work-runtime:2.7.1] AndroidManifest.xml:74:17-87
259-->[androidx.work:work-runtime:2.7.1] AndroidManifest.xml:74:25-84
260                <action android:name="android.intent.action.ACTION_POWER_DISCONNECTED" />
260-->[androidx.work:work-runtime:2.7.1] AndroidManifest.xml:75:17-90
260-->[androidx.work:work-runtime:2.7.1] AndroidManifest.xml:75:25-87
261            </intent-filter>
262        </receiver>
263        <receiver
263-->[androidx.work:work-runtime:2.7.1] AndroidManifest.xml:78:9-88:20
264            android:name="androidx.work.impl.background.systemalarm.ConstraintProxy$BatteryNotLowProxy"
264-->[androidx.work:work-runtime:2.7.1] AndroidManifest.xml:79:13-104
265            android:directBootAware="false"
265-->[androidx.work:work-runtime:2.7.1] AndroidManifest.xml:80:13-44
266            android:enabled="false"
266-->[androidx.work:work-runtime:2.7.1] AndroidManifest.xml:81:13-36
267            android:exported="false" >
267-->[androidx.work:work-runtime:2.7.1] AndroidManifest.xml:82:13-37
268            <intent-filter>
268-->[androidx.work:work-runtime:2.7.1] AndroidManifest.xml:84:13-87:29